<?xml version="1.0" encoding="UTF-8" standalone="no"?>
<testsuite failures="0" name="cucumber.runtime.formatter.JUnitFormatter" skipped="0" tests="1" time="30.228396">
    <testcase classname="Escreva algo que descreva essa funcionalidade" name="Cen�rio 1" time="30.228396">
        <system-out>
            <![CDATA[Given Passo 1...............................................................passed
When Passo 2................................................................passed
]]>
        </system-out>
    </testcase>
</testsuite>
